== application started at Apr 18 2026 18:32:06
== operating system: Windows
OTClient - Redemption 4.x rev 0.000 (desenv) built on Apr 11 2026 for arch x64
Startup done :]
== application started at Apr 18 2026 18:33:39
== operating system: Windows
OTClient - Redemption 4.x rev 0.000 (desenv) built on Apr 11 2026 for arch x64
Startup done :]
Exiting application..
Exiting application..
== application started at Apr 18 2026 19:07:45
== operating system: Windows
OTClient - Redemption 4.x rev 0.000 (desenv) built on Apr 11 2026 for arch x64
Startup done :]
Exiting application..
== application started at Apr 20 2026 12:07:55
== operating system: Windows
OTClient - Redemption 4.x rev 0.000 (desenv) built on Apr 11 2026 for arch x64
Startup done :]
Exiting application..
== application started at Apr 20 2026 12:09:06
== operating system: Windows
OTClient - Redemption 4.x rev 0.000 (desenv) built on Apr 11 2026 for arch x64
Startup done :]
Exiting application..
== application started at Apr 21 2026 14:19:38
== operating system: Windows
OTClient - Redemption 4.x rev 0.000 (desenv) built on Apr 11 2026 for arch x64
Startup done :]
== application started at Apr 21 2026 14:26:09
== operating system: Windows
OTClient - Redemption 4.x rev 0.000 (desenv) built on Apr 11 2026 for arch x64
Startup done :]
Exiting application..
== application started at Apr 21 2026 14:28:30
== operating system: Windows
OTClient - Redemption 4.x rev 0.000 (desenv) built on Apr 11 2026 for arch x64
Startup done :]
